"../../../WorkBased/Content/Test.uasset" 0
"../../../Engine/Content/Functions/Engine_MaterialFunctions02/Utility/CameraDirectionVector.uasset" 1
"../../../WorkBased/Content/CurvedShader/Curved_WireFrameMat1.uasset" 2
"../../../WorkBased/Content/CurvedShader/Curved_Wirframes/M_Curved_Wireframe.uasset" 3
"../../../WorkBased/Content/CurvedShader/C_Wireframe_Platform_Inst.uasset" 4
"../../../WorkBased/Content/CurvedShader/Curved_Materials/Curved_Mat.uasset" 5
"../../../WorkBased/Content/CurvedShader/Curved_Materials/Curved_Mat_Inst.uasset" 6
"../../../WorkBased/Content/CurvedShader/Curved_Wirframes/CW_Blue_Inst.uasset" 7
"../../../WorkBased/Content/CurvedShader/Curved_Wirframes/CW_Red_Inst.uasset" 8
"../../../WorkBased/Content/CurvedShader/Curved_Wirframes/CW_SpeedBoost_Inst.uasset" 9
"../../../WorkBased/Content/CurvedShader/Curved_Wirframes/Curved_WireFrameMat1.uasset" 10
"../../../WorkBased/Content/CurvedShader/Curved_Wirframes/C_Wireframe_Platform_Inst.uasset" 11
"../../../WorkBased/Content/Mannequin/Character/Mesh/SK_Mannequin_Skeleton.uasset" 12
"../../../WorkBased/Content/Mannequin/Animations/ThirdPersonJump_End.uasset" 13
"../../../WorkBased/Content/Mannequin/Animations/ThirdPersonJump_Loop.uasset" 14
"../../../WorkBased/Content/Mannequin/Animations/ThirdPersonJump_Start.uasset" 15
"../../../WorkBased/Content/Mannequin/Animations/ThirdPersonIdle.uasset" 16
"../../../WorkBased/Content/Mannequin/Animations/ThirdPersonRun.uasset" 17
"../../../WorkBased/Content/Mannequin/Animations/ThirdPersonWalk.uasset" 18
"../../../WorkBased/Content/Mannequin/Animations/ThirdPerson_IdleRun_2D.uasset" 19
"../../../Engine/Content/EditorBlueprintResources/StandardMacros.uasset" 20
"../../../WorkBased/Content/Mannequin/Animations/ThirdPerson_AnimBP.uasset" 21
"../../../WorkBased/Content/Health/Health_WBP.uasset" 22
"../../../WorkBased/Content/HUD/EndGame/CoinsIcon.uasset" 23
"../../../WorkBased/Content/HUD/EndGame/GameOver.uasset" 24
"../../../WorkBased/Content/HUD/EndGame/HighscoreIcon.uasset" 25
"../../../WorkBased/Content/HUD/EndGame/MenuButton.uasset" 26
"../../../WorkBased/Content/HUD/EndGame/MenuHovered.uasset" 27
"../../../WorkBased/Content/HUD/EndGame/RestartButton.uasset" 28
"../../../WorkBased/Content/HUD/EndGame/RestartHovered.uasset" 29
"../../../WorkBased/Content/HUD/EndGame/ScoreIcon.uasset" 30
"../../../WorkBased/Content/Music/SoundCues/FX_death__2_.uasset" 31
"../../../WorkBased/Content/HUD/EndGame/GameOver_WBP.uasset" 32
"../../../WorkBased/Content/HUD/HUD.uasset" 33
"../../../Engine/Content/Functions/Engine_MaterialFunctions02/Utility/BlendAngleCorrectedNormals.uasset" 34
"../../../Engine/Content/Functions/MaterialLayerFunctions/MatLayerBlend_NormalBlend.uasset" 35
"../../../Engine/Content/Functions/MaterialLayerFunctions/MatLayerBlend_Simple.uasset" 36
"../../../WorkBased/Content/Mannequin/Character/Materials/MaterialLayers/T_ML_Rubber_Blue_01_D.uasset" 37
"../../../WorkBased/Content/Mannequin/Character/Materials/MaterialLayers/T_ML_Rubber_Blue_01_N.uasset" 38
"../../../WorkBased/Content/Mannequin/Character/Materials/MaterialLayers/ML_GlossyBlack_Latex_UE4.uasset" 39
"../../../WorkBased/Content/Mannequin/Character/Materials/MaterialLayers/ML_Plastic_Shiny_Beige.uasset" 40
"../../../WorkBased/Content/Mannequin/Character/Textures/UE4_LOGO_CARD.uasset" 41
"../../../WorkBased/Content/Mannequin/Character/Materials/MaterialLayers/ML_Plastic_Shiny_Beige_LOGO.uasset" 42
"../../../WorkBased/Content/Mannequin/Character/Materials/MaterialLayers/T_ML_Aluminum01.uasset" 43
"../../../WorkBased/Content/Mannequin/Character/Materials/MaterialLayers/T_ML_Aluminum01_N.uasset" 44
"../../../WorkBased/Content/Mannequin/Character/Materials/MaterialLayers/ML_SoftMetal_UE4.uasset" 45
"../../../WorkBased/Content/Mannequin/Character/Textures/T_UE4_Mannequin_Mobile_M.uasset" 46
"../../../WorkBased/Content/Mannequin/Character/Textures/T_UE4_Mannequin_Mobile_N.uasset" 47
"../../../WorkBased/Content/Mannequin/Character/Materials/M_UE4Man_Body.uasset" 48
"../../../WorkBased/Content/Mannequin/Character/Textures/UE4Man_Logo_N.uasset" 49
"../../../WorkBased/Content/Mannequin/Character/Materials/M_UE4Man_ChestLogo.uasset" 50
"../../../WorkBased/Content/Mannequin/Character/Mesh/SK_Mannequin_Physics.uasset" 51
"../../../WorkBased/Content/Mannequin/Character/Mesh/SK_Mannequin.uasset" 52
"../../../WorkBased/Content/ThirdPersonBP/Blueprints/ThirdPersonCharacter.uasset" 53
"../../../WorkBased/Content/Enemy/Enemy_Blackboard.uasset" 54
"../../../WorkBased/Content/Enemy/Enemy_BehaviourTree.uasset" 55
"../../../WorkBased/Content/Enemy/AIController_BP.uasset" 56
"../../../WorkBased/Content/Enemy/Enemy.uasset" 57
"../../../WorkBased/Content/Enemy/Enemy_BP.uasset" 58
"../../../WorkBased/Content/Geometry/Meshes/CubeMaterial.uasset" 59
"../../../WorkBased/Content/Geometry/Meshes/1M_Cube_Chamfer.uasset" 60
"../../../WorkBased/Content/HUD/BG.uasset" 61
"../../../WorkBased/Content/HUD/PauseMenu_WBP.uasset" 62
"../../../WorkBased/Content/HUD/Score.uasset" 63
"../../../WorkBased/Content/HUD/MainMenu/MainMenuCue.uasset" 64
"../../../WorkBased/Content/Level/Level01_BuiltData.uasset" 65
"../../../WorkBased/Content/Level/Level1/Level01SoundCu.uasset" 66
"../../../WorkBased/Content/Level/Level1/Level02.uasset" 67
"../../../WorkBased/Content/Level/Level2/Level02SoundCue.uasset" 68
"../../../WorkBased/Content/Mannequin/Animations/ThirdPerson_Jump.uasset" 69
"../../../WorkBased/Content/Mannequin/Character/Mesh/SK_Mannequin_PhysicsAsset.uasset" 70
"../../../WorkBased/Content/MobileStarterContent/Materials/M_Basic_Wall.uasset" 71
"../../../WorkBased/Content/MobileStarterContent/Architecture/Pillar_50x500.uasset" 72
"../../../WorkBased/Content/MobileStarterContent/Architecture/Wall_400x300.uasset" 73
"../../../WorkBased/Content/MobileStarterContent/Architecture/Wall_400x400.uasset" 74
"../../../WorkBased/Content/MobileStarterContent/Architecture/Wall_500x500.uasset" 75
"../../../WorkBased/Content/MobileStarterContent/Architecture/Wall_Door_400x400.uasset" 76
"../../../WorkBased/Content/MobileStarterContent/Architecture/Wall_Window_400x400.uasset" 77
"../../../WorkBased/Content/MobileStarterContent/Audio/Light01.uasset" 78
"../../../WorkBased/Content/MobileStarterContent/Audio/Light01_Cue.uasset" 79
"../../../WorkBased/Content/MobileStarterContent/Audio/Light02.uasset" 80
"../../../WorkBased/Content/MobileStarterContent/Audio/Light02_Cue.uasset" 81
"../../../WorkBased/Content/MobileStarterContent/Audio/Steam01.uasset" 82
"../../../WorkBased/Content/MobileStarterContent/Audio/Steam01_Cue.uasset" 83
"../../../WorkBased/Content/MobileStarterContent/Audio/Explosion01.uasset" 84
"../../../WorkBased/Content/MobileStarterContent/Audio/Explosion02.uasset" 85
"../../../WorkBased/Content/MobileStarterContent/Audio/Explosion_Cue.uasset" 86
"../../../WorkBased/Content/MobileStarterContent/Textures/T_Burst_M.uasset" 87
"../../../WorkBased/Content/MobileStarterContent/Particles/Materials/M_Burst.uasset" 88
"../../../WorkBased/Content/MobileStarterContent/Textures/T_Explosion_SubUV.uasset" 89
"../../../WorkBased/Content/MobileStarterContent/Particles/Materials/M_explosion_subUV.uasset" 90
"../../../WorkBased/Content/MobileStarterContent/Particles/Materials/m_flare_01.uasset" 91
"../../../Engine/Content/Functions/Engine_MaterialFunctions01/Gradient/RadialGradient.uasset" 92
"../../../WorkBased/Content/MobileStarterContent/Particles/Materials/M_radial_ramp.uasset" 93
"../../../WorkBased/Content/MobileStarterContent/Textures/T_Smoke_SubUV.uasset" 94
"../../../WorkBased/Content/MobileStarterContent/Textures/T_Smoke_Tiled_D.uasset" 95
"../../../WorkBased/Content/MobileStarterContent/Particles/Materials/M_smoke_subUV.uasset" 96
"../../../WorkBased/Content/MobileStarterContent/Particles/P_Explosion.uasset" 97
"../../../WorkBased/Content/MobileStarterContent/Blueprints/Blueprint_Effect_Explosion.uasset" 98
"../../../WorkBased/Content/MobileStarterContent/Textures/T_Bush_D.uasset" 99
"../../../WorkBased/Content/MobileStarterContent/Textures/T_Bush_N.uasset" 100
"../../../WorkBased/Content/MobileStarterContent/Props/Materials/M_Bush.uasset" 101
"../../../WorkBased/Content/MobileStarterContent/Props/SM_Bush.uasset" 102
"../../../WorkBased/Content/MobileStarterContent/Textures/T_Chair_M.uasset" 103
"../../../WorkBased/Content/MobileStarterContent/Textures/T_Chair_N.uasset" 104
"../../../WorkBased/Content/MobileStarterContent/Props/Materials/M_Chair.uasset" 105
"../../../WorkBased/Content/MobileStarterContent/Props/SM_Couch.uasset" 106
"../../../WorkBased/Content/MobileStarterContent/Materials/M_Glass.uasset" 107
"../../../WorkBased/Content/MobileStarterContent/Textures/T_Door_M.uasset" 108
"../../../WorkBased/Content/MobileStarterContent/Textures/T_Door_N.uasset" 109
"../../../WorkBased/Content/MobileStarterContent/Props/Materials/M_Door.uasset" 110
"../../../WorkBased/Content/MobileStarterContent/Props/SM_Door.uasset" 111
"../../../WorkBased/Content/MobileStarterContent/Props/Materials/M_MaterialSphere.uasset" 112
"../../../WorkBased/Content/MobileStarterContent/Props/Materials/M_MaterialSphere_Plain.uasset" 113
"../../../WorkBased/Content/MobileStarterContent/Props/SM_MatPreviewMesh_02.uasset" 114
"../../../WorkBased/Content/MobileStarterContent/Textures/T_Rock_Basalt_D.uasset" 115
"../../../WorkBased/Content/MobileStarterContent/Textures/T_RockMesh_M.uasset" 116
"../../../WorkBased/Content/MobileStarterContent/Textures/T_RockMesh_N.uasset" 117
"../../../WorkBased/Content/MobileStarterContent/Props/Materials/M_Rock.uasset" 118
"../../../WorkBased/Content/MobileStarterContent/Props/SM_Rock.uasset" 119
"../../../WorkBased/Content/MobileStarterContent/Textures/T_Shelf_M.uasset" 120
"../../../WorkBased/Content/MobileStarterContent/Textures/T_Shelf_N.uasset" 121
"../../../WorkBased/Content/MobileStarterContent/Props/Materials/M_Shelf.uasset" 122
"../../../WorkBased/Content/MobileStarterContent/Props/SM_Shelf.uasset" 123
"../../../WorkBased/Content/MobileStarterContent/Props/SM_Stairs.uasset" 124
"../../../WorkBased/Content/MobileStarterContent/Shapes/Shape_Cone.uasset" 125
"../../../WorkBased/Content/MobileStarterContent/Shapes/Shape_Cylinder.uasset" 126
"../../../WorkBased/Content/MobileStarterContent/Shapes/Shape_NarrowCapsule.uasset" 127
"../../../WorkBased/Content/MobileStarterContent/Shapes/Shape_Pipe.uasset" 128
"../../../WorkBased/Content/MobileStarterContent/Shapes/Shape_Pipe_180.uasset" 129
"../../../WorkBased/Content/MobileStarterContent/Shapes/Shape_Pipe_90.uasset" 130
"../../../WorkBased/Content/MobileStarterContent/Shapes/Shape_Plane.uasset" 131
"../../../WorkBased/Content/MobileStarterContent/Shapes/Shape_Torus.uasset" 132
"../../../WorkBased/Content/MobileStarterContent/Shapes/Shape_Trim.uasset" 133
"../../../WorkBased/Content/MobileStarterContent/Shapes/Shape_Trim_90_In.uasset" 134
"../../../WorkBased/Content/MobileStarterContent/Shapes/Shape_Trim_90_Out.uasset" 135
"../../../WorkBased/Content/MobileStarterContent/Shapes/Shape_TriPyramid.uasset" 136
"../../../WorkBased/Content/MobileStarterContent/Shapes/Shape_Tube.uasset" 137
"../../../WorkBased/Content/MobileStarterContent/Shapes/Shape_Wedge_A.uasset" 138
"../../../WorkBased/Content/MobileStarterContent/Shapes/Shape_Wedge_B.uasset" 139
"../../../WorkBased/Content/MobileStarterContent/Shapes/Shape_WideCapsule.uasset" 140
"../../../WorkBased/Content/MobileStarterContent/Textures/T_CobbleStone_Pebble_M.uasset" 141
"../../../WorkBased/Content/MobileStarterContent/Textures/T_Concrete_Tiles_Variation_M.uasset" 142
"../../../WorkBased/Content/MobileStarterContent/Textures/T_Detail_Rocky_N.uasset" 143
"../../../WorkBased/Content/MobileStarterContent/Textures/T_Gradinet_01.uasset" 144
"../../../WorkBased/Content/MobileStarterContent/Textures/T_Perlin_Noise_M.uasset" 145
"../../../WorkBased/Content/MobileStarterContent/Textures/T_Rock_Smooth_Granite_D.uasset" 146
"../../../WorkBased/Content/Music/Foks_-_Game_Audio_1.uasset" 147
"../../../WorkBased/Content/Music/FX_power_up.uasset" 148
"../../../WorkBased/Content/Music/NewSoundCue.uasset" 149
"../../../WorkBased/Content/Music/BackgroundMusic/Foks_-_Game_Audio_1.uasset" 150
"../../../WorkBased/Content/Music/SoundCues/FX_1.uasset" 151
"../../../WorkBased/Content/Music/SoundCues/FX_3.uasset" 152
"../../../WorkBased/Content/Music/SoundCues/FX_4.uasset" 153
"../../../WorkBased/Content/Music/SoundCues/FX_5.uasset" 154
"../../../WorkBased/Content/Music/SoundCues/FX_death.uasset" 155
"../../../WorkBased/Content/Music/SoundCues/FX_Hit.uasset" 156
"../../../WorkBased/Content/Music/SoundCues/FX_hit_2.uasset" 157
"../../../WorkBased/Content/Music/SoundCues/FX_Select_2.uasset" 158
"../../../WorkBased/Content/Music/SoundCues/FX_select_3.uasset" 159
"../../../Engine/Content/Functions/Engine_MaterialFunctions01/Opacity/CameraDepthFade.uasset" 160
"../../../Engine/Content/EngineMaterials/T_Default_Material_Grid_M.uasset" 161
"../../../Engine/Content/EngineMaterials/T_Default_Material_Grid_N.uasset" 162
"../../../Engine/Content/EngineMaterials/WorldGridMaterial.uasset" 163
"../../../WorkBased/Content/PowerUps/ShieldPU_Shield.uasset" 164
"../../../WorkBased/Content/RunnerFiles/Pickups/Blueprints/Shields.uasset" 165
"../../../WorkBased/Content/Shader/CurvedWorld.uasset" 166
"../../../WorkBased/Content/Shader/ShaderMat.uasset" 167
"../../../WorkBased/Content/Shader/ShaderMat1.uasset" 168
"../../../WorkBased/Content/ThirdPerson/Meshes/RampMaterial.uasset" 169
"../../../WorkBased/Content/ThirdPerson/Meshes/Bump_StaticMesh.uasset" 170
"../../../WorkBased/Content/ThirdPerson/Meshes/LeftArm_StaticMesh.uasset" 171
"../../../WorkBased/Content/ThirdPerson/Meshes/Linear_Stair_StaticMesh.uasset" 172
"../../../WorkBased/Content/ThirdPerson/Meshes/Ramp_StaticMesh.uasset" 173
"../../../WorkBased/Content/ThirdPerson/Meshes/RightArm_StaticMesh.uasset" 174
"../../../WorkBased/Content/WireframeMaterial/Diagonal.uasset" 175
"../../../WorkBased/Content/WireframeMaterial/SpeedBoost.uasset" 176
"../../../WorkBased/Content/WireframeMaterial/ngcfgcg.uasset" 177
"../../../Engine/Content/EngineMaterials/DefaultMaterial.uasset" 178
"../../../Engine/Content/BasicShapes/Cone.uasset" 179
"../../../Engine/Content/BasicShapes/Cylinder.uasset" 180
"../../../Engine/Content/BasicShapes/Sphere.uasset" 181
"../../../Engine/Content/EditorLandscapeResources/DataLayer.uasset" 182
"../../../Engine/Content/EditorMaterials/GizmoMaterial.uasset" 183
"../../../Engine/Content/EditorMaterials/MAT_Groups_Toggle.uasset" 184
"../../../Engine/Content/EditorMaterials/MAT_Groups_Visibility.uasset" 185
"../../../Engine/Content/EditorMaterials/PreviewShadowIndicator.uasset" 186
"../../../Engine/Content/EditorMaterials/PreviewShadowIndicatorMaterial.uasset" 187
"../../../Engine/Content/EditorMaterials/AssetViewer/EpicQuadPanorama_CC+EV1.uasset" 188
"../../../Engine/Content/EditorMaterials/MatineeGroups/MAT_ColorTrack.uasset" 189
"../../../Engine/Content/EditorMaterials/MatineeGroups/MAT_Groups_Anim.uasset" 190
"../../../Engine/Content/EditorMaterials/MatineeGroups/MAT_Groups_AudioMaster.uasset" 191
"../../../Engine/Content/EditorMaterials/MatineeGroups/MAT_Groups_Director.uasset" 192
"../../../Engine/Content/EditorMaterials/MatineeGroups/MAT_Groups_Event.uasset" 193
"../../../Engine/Content/EditorMaterials/MatineeGroups/MAT_Groups_Fade.uasset" 194
"../../../Engine/Content/EditorMaterials/MatineeGroups/MAT_Groups_Float.uasset" 195
"../../../Engine/Content/EditorMaterials/MatineeGroups/MAT_Groups_Move.uasset" 196
"../../../Engine/Content/EditorMaterials/MatineeGroups/MAT_Groups_Slomo.uasset" 197
"../../../Engine/Content/EditorMaterials/MatineeGroups/MAT_Groups_Sound.uasset" 198
"../../../Engine/Content/EditorMaterials/MatineeGroups/MAT_Groups_Vector.uasset" 199
"../../../Engine/Content/EditorMaterials/ParticleSystems/PSysThumbnail_NoImage.uasset" 200
"../../../Engine/Content/EditorMaterials/ParticleSystems/PSysThumbnail_OOD.uasset" 201
"../../../Engine/Content/EditorMaterials/Camera/CineMat.uasset" 202
"../../../Engine/Content/EditorMaterials/Camera/MI_CineMat_Rig.uasset" 203
"../../../Engine/Content/EditorMeshes/Camera/SM_CraneRig_Arm.uasset" 204
"../../../Engine/Content/EditorMeshes/Camera/SM_CraneRig_Base.uasset" 205
"../../../Engine/Content/EditorMeshes/Camera/SM_CraneRig_Body.uasset" 206
"../../../Engine/Content/EditorMeshes/Camera/SM_CraneRig_Mount.uasset" 207
"../../../Engine/Content/EditorMeshes/Camera/SM_RailRig_Mount.uasset" 208
"../../../Engine/Content/EditorMeshes/Camera/SM_RailRig_Track.uasset" 209
"../../../Engine/Content/EditorMeshes/ColorCalibrator/M_ChromeBall.uasset" 210
"../../../Engine/Content/EditorMeshes/ColorCalibrator/M_ClearCoat.uasset" 211
"../../../Engine/Content/EditorMeshes/ColorCalibrator/M_ClearCoatBlack.uasset" 212
"../../../Engine/Content/EditorMeshes/ColorCalibrator/T_ColorGrid.uasset" 213
"../../../Engine/Content/EditorMeshes/ColorCalibrator/M_ColorGrid.uasset" 214
"../../../Engine/Content/EditorMeshes/ColorCalibrator/M_GreyBall.uasset" 215
"../../../Engine/Content/EditorMeshes/ColorCalibrator/SM_ColorCalibrator.uasset" 216
"../../../Engine/Content/EditorResources/BSPVertex.uasset" 217
"../../../Engine/Content/EditorResources/EmptyActor.uasset" 218
"../../../Engine/Content/EditorResources/S_Actor.uasset" 219
"../../../Engine/Content/EditorResources/S_Trigger.uasset" 220
"../../../Engine/Content/EditorResources/AudioIcons/S_AudioComponent.uasset" 221
"../../../Engine/Content/EditorResources/AudioIcons/S_AudioComponent_AutoActivate.uasset" 222
"../../../Engine/Content/EditorResources/LightIcons/S_LightError.uasset" 223
"../../../Engine/Content/EditorResources/SequenceRecorder/Countdown.uasset" 224
"../../../Engine/Content/EditorResources/SequenceRecorder/RecordingIndicator.uasset" 225
"../../../Engine/Content/EditorSounds/Notifications/CompileFailed.uasset" 226
"../../../Engine/Content/EditorSounds/Notifications/CompileFailed_Cue.uasset" 227
"../../../Engine/Content/EditorSounds/Notifications/CompileSuccess.uasset" 228
"../../../Engine/Content/EditorSounds/Notifications/CompileStart_Cue.uasset" 229
"../../../Engine/Content/EditorSounds/Notifications/CompileSuccess_Cue.uasset" 230
"../../../Engine/Content/EngineDamageTypes/DmgTypeBP_Environmental.uasset" 231
"../../../Engine/Content/EngineDebugMaterials/HeatmapGradient.uasset" 232
"../../../Engine/Content/EngineDebugMaterials/BoneWeightMaterial.uasset" 233
"../../../Engine/Content/EngineDebugMaterials/ClothMaterial.uasset" 234
"../../../Engine/Content/EngineDebugMaterials/ClothMaterial_WF.uasset" 235
"../../../Engine/Content/EngineDebugMaterials/DebugEditorMaterial.uasset" 236
"../../../Engine/Content/EngineDebugMaterials/DebugMeshMaterial.uasset" 237
"../../../Engine/Content/EngineDebugMaterials/GeomMaterial.uasset" 238
"../../../Engine/Content/EngineFonts/Faces/RobotoBold.uasset" 239
"../../../Engine/Content/EngineFonts/Faces/RobotoBoldItalic.uasset" 240
"../../../Engine/Content/EngineFonts/Faces/RobotoItalic.uasset" 241
"../../../Engine/Content/EngineFonts/Faces/RobotoLight.uasset" 242
"../../../Engine/Content/EngineFonts/Faces/RobotoRegular.uasset" 243
"../../../Engine/Content/EngineFonts/Roboto.uasset" 244
"../../../Engine/Content/EngineFonts/Faces/RobotoTiny.uasset" 245
"../../../Engine/Content/EngineFonts/RobotoTiny.uasset" 246
"../../../Engine/Content/EngineMaterials/DefaultBloomKernel.uasset" 247
"../../../Engine/Content/EngineMaterials/DefaultBokeh.uasset" 248
"../../../Engine/Content/EngineMaterials/DefaultDiffuse.uasset" 249
"../../../Engine/Content/EngineMaterials/DefaultDeferredDecalMaterial.uasset" 250
"../../../Engine/Content/EngineMaterials/DefaultLightFunctionMaterial.uasset" 251
"../../../Engine/Content/EngineMaterials/DefaultPhysicalMaterial.uasset" 252
"../../../Engine/Content/Functions/Engine_MaterialFunctions02/Utility/BreakOutFloat2Components.uasset" 253
"../../../Engine/Content/EngineMaterials/DefaultPostProcessMaterial.uasset" 254
"../../../Engine/Content/EngineFonts/RobotoDistanceField.uasset" 255
"../../../Engine/Content/EngineMaterials/DefaultTextMaterialOpaque.uasset" 256
"../../../Engine/Content/EngineMaterials/DefaultWhiteGrid.uasset" 257
"../../../Engine/Content/EngineMaterials/EditorBrushMaterial.uasset" 258
"../../../Engine/Content/EngineMaterials/Good64x64TilingNoiseHighFreq.uasset" 259
"../../../Engine/Content/EngineMaterials/MiniFont.uasset" 260
"../../../Engine/Content/EngineMaterials/InvalidLightmapSettings.uasset" 261
"../../../Engine/Content/EngineMaterials/M_InvalidLightmapSettings.uasset" 262
"../../../Engine/Content/EngineMaterials/PhAT_JointLimitMaterial.uasset" 263
"../../../Engine/Content/EngineMaterials/PreintegratedSkinBRDF.uasset" 264
"../../../Engine/Content/EngineMaterials/RemoveSurfaceMaterial.uasset" 265
"../../../Engine/Content/EngineMaterials/WeightMapPlaceholderTexture.uasset" 266
"../../../Engine/Content/EngineResources/WhiteSquareTexture.uasset" 267
"../../../Engine/Content/EngineMaterials/Widget3DPassThrough.uasset" 268
"../../../Engine/Content/EngineMaterials/Widget3DPassThrough_Masked.uasset" 269
"../../../Engine/Content/EngineMaterials/Widget3DPassThrough_Opaque.uasset" 270
"../../../Engine/Content/EngineMaterials/Widget3DPassThrough_Masked_OneSided.uasset" 271
"../../../Engine/Content/EngineMaterials/Widget3DPassThrough_Opaque_OneSided.uasset" 272
"../../../Engine/Content/EngineMaterials/Widget3DPassThrough_Translucent.uasset" 273
"../../../Engine/Content/EngineMaterials/Widget3DPassThrough_Translucent_OneSided.uasset" 274
"../../../Engine/Content/EngineMeshes/Cube.uasset" 275
"../../../Engine/Content/EngineMeshes/Cylinder.uasset" 276
"../../../Engine/Content/EngineMeshes/Sphere.uasset" 277
"../../../Engine/Content/EngineResources/Black.uasset" 278
"../../../Engine/Content/EngineResources/DefaultTexture.uasset" 279
"../../../Engine/Content/EngineResources/DefaultTextureCube.uasset" 280
"../../../Engine/Content/EngineResources/GradientTexture0.uasset" 281
"../../../Engine/Content/EngineSounds/Master.uasset" 282
"../../../Engine/Content/Functions/Engine_MaterialFunctions01/Shading/ConvertFromDiffSpec.uasset" 283
"../../../Engine/Content/Functions/Engine_MaterialFunctions01/Shading/PowerToRoughness.uasset" 284
"../../../Engine/Content/Maps/Templates/Thumbnails/Default.uasset" 285
"../../../Engine/Content/Maps/Templates/Thumbnails/VR-Basic.uasset" 286
"../../../Engine/Content/MobileResources/T_MobileControls_texture.uasset" 287
"../../../Engine/Content/MobileResources/T_MobileMenu2.uasset" 288
"../../../Engine/Content/MobileResources/HUD/AnalogHat.uasset" 289
"../../../Engine/Content/MobileResources/HUD/VirtualJoystick_Background.uasset" 290
"../../../Engine/Content/MobileResources/HUD/VirtualJoystick_Thumb.uasset" 291
"../../../Engine/Content/MobileResources/HUD/DefaultVirtualJoysticks.uasset" 292
"../../../Engine/Content/MobileResources/HUD/LeftVirtualJoystickOnly.uasset" 293
"../../../Engine/Content/MobileResources/HUD/MobileHUDButton1_off.uasset" 294
"../../../Engine/Content/MobileResources/HUD/MobileHUDButton1_on.uasset" 295
"../../../Engine/Content/MobileResources/HUD/MobileHUDButton2_off.uasset" 296
"../../../Engine/Content/MobileResources/HUD/MobileHUDButton2_on.uasset" 297
"../../../Engine/Content/MobileResources/HUD/MobileHUDButton3.uasset" 298
"../../../Engine/Content/MobileResources/HUD/MobileHUDButtonFire.uasset" 299
"../../../Engine/Content/MobileResources/HUD/MobileHUDDirectionPad.uasset" 300
"../../../Engine/Content/MobileResources/HUD/MobileHUDDirectionPad2.uasset" 301
"../../../Engine/Content/MobileResources/HUD/MobileHUDDirectionPad3.uasset" 302
"../../../Engine/Content/MobileResources/HUD/MobileHUDDirectionStick.uasset" 303
"../../../Engine/Content/MobileResources/HUD/T_Castle_ThumbstickInner.uasset" 304
"../../../Engine/Content/MobileResources/HUD/T_Castle_ThumbstickOutter.uasset" 305
"../../../Engine/Content/Tutorial/ContentIntroCurve.uasset" 306
"../../../Engine/Content/Tutorial/Basics/TutorialAssets/icon_tab_Levels_40x.uasset" 307
"../../../Engine/Content/Tutorial/BlueprintTutorials/TutorialAssets/BlueprintInterface_64x.uasset" 308
"../../../Engine/Content/Tutorial/BlueprintTutorials/TutorialAssets/BlueprintMacroLibrary_64x.uasset" 309
"../../../Engine/Content/Tutorial/BlueprintTutorials/TutorialAssets/Blueprint_64x.uasset" 310
"../../../Engine/Content/Tutorial/BlueprintTutorials/TutorialAssets/Tutorial_BP_Interface.uasset" 311
"../../../Engine/Content/Tutorial/Foliage/TutorialAssets/Foliage.uasset" 312
"../../../Engine/Content/Tutorial/Landscape/TutorialAssets/Landscape.uasset" 313
"../../../Engine/Content/Tutorial/Mobile/TutorialAssets/android_Icon.uasset" 314
"../../../Engine/Content/Tutorial/Paper2D/TutorialAssets/Paper2DFlipbook_TutorialIcon.uasset" 315
"../../../Engine/Content/Tutorial/Paper2D/TutorialAssets/Paper2DSprite_TutorialIcon.uasset" 316
"../../../Engine/Content/Tutorial/SubEditors/TutorialAssets/icon_Editor_Preferences_General_40x.uasset" 317
"../../../Engine/Content/Tutorial/SubEditors/TutorialAssets/icon_ShowSkeletalMeshes_40x.uasset" 318
"../../../Engine/Content/Tutorial/SubEditors/TutorialAssets/TutorialMaterial.uasset" 319
"../../../Engine/Content/Tutorial/SubEditors/TutorialAssets/T_SmokeSubUV_8X8.uasset" 320
"../../../Engine/Content/Tutorial/SubEditors/TutorialAssets/T_soft_smoke.uasset" 321
"../../../Engine/Content/Tutorial/SubEditors/TutorialAssets/M_smoke_subUV_blackbody.uasset" 322
"../../../Engine/Content/Tutorial/SubEditors/TutorialAssets/TutorialParticleSystem.uasset" 323
"../../../Engine/Content/EditorMeshes/EditorCube.uasset" 324
"../../../Engine/Content/Tutorial/SubEditors/TutorialAssets/Tutorial_DM.uasset" 325
"../../../Engine/Content/VREditor/Devices/Generic/GenericHMDMaterial.uasset" 326
"../../../Engine/Content/VREditor/Devices/Generic/GenericHMD.uasset" 327
"../../../Engine/Content/VREditor/FloatingText/LineMaterial.uasset" 328
"../../../Engine/Content/VREditor/FloatingText/JointSphere.uasset" 329
"../../../Engine/Content/VREditor/FloatingText/LineSegmentCylinder.uasset" 330
"../../../Engine/Content/VREditor/Fonts/VRText_RobotoLarge.uasset" 331
"../../../Engine/Content/VREditor/Fonts/VRTextMaterial.uasset" 332
"../../../Engine/Content/VREditor/Fonts/TranslucentVRTextMaterial.uasset" 333
"../../../Engine/Content/VREditor/LaserPointer/CursorPointer.uasset" 334
"../../../Engine/Content/VREditor/LaserPointer/VR_LaserPower_01.uasset" 335
"../../../Engine/Content/VREditor/TransformGizmo/TransformGizmoMaterial.uasset" 336
"../../../Engine/Content/VREditor/LaserPointer/HoverMaterial.uasset" 337
"../../../Engine/Content/VREditor/TransformGizmo/TranslucentTransformGizmoMaterial.uasset" 338
"../../../Engine/Content/VREditor/LaserPointer/TranslucentHoverMaterial.uasset" 339
"../../../Engine/Content/VREditor/LaserPointer/HoverMesh.uasset" 340
"../../../Engine/Content/VREditor/LaserPointer/LaserPointerMaterial.uasset" 341
"../../../Engine/Content/VREditor/LaserPointer/LaserPointerMaterialInst.uasset" 342
"../../../Engine/Content/VREditor/LaserPointer/TranslucentLaserPointerMaterialInst.uasset" 343
"../../../Engine/Content/VREditor/LaserPointer/LaserPointerMesh.uasset" 344
"../../../Engine/Content/VREditor/LaserPointer/LaserPointerMesh_End.uasset" 345
"../../../Engine/Content/VREditor/LaserPointer/LaserPointerMesh_Start.uasset" 346
"../../../Engine/Content/Functions/Engine_MaterialFunctions02/Utility/BreakOutFloat3Components.uasset" 347
"../../../Engine/Content/Functions/Engine_MaterialFunctions02/Math/Transform3x3Matrix.uasset" 348
"../../../Engine/Content/Functions/Engine_MaterialFunctions02/SplitComponents.uasset" 349
"../../../Engine/Content/Functions/Engine_MaterialFunctions02/Utility/MakeFloat3.uasset" 350
"../../../Engine/Content/VREditor/SnapGrid/SnapGridMaterial.uasset" 351
"../../../Engine/Content/VREditor/SnapGrid/SnapGridPlaneMesh.uasset" 352
"../../../Engine/Content/VREditor/Sounds/VR_teleport.uasset" 353
"../../../Engine/Content/VREditor/Sounds/UI/Click_on_Button_Cue.uasset" 354
"../../../Engine/Content/VREditor/Sounds/UI/Dockable_Window_Close.uasset" 355
"../../../Engine/Content/VREditor/Sounds/UI/Dockable_Window_Drop.uasset" 356
"../../../Engine/Content/VREditor/Sounds/UI/Dockable_Window_Open.uasset" 357
"../../../Engine/Content/VREditor/Sounds/UI/Dockable_Window_Pick_Up.uasset" 358
"../../../Engine/Content/VREditor/Sounds/UI/Drop_Item_From_ContentBrowser.uasset" 359
"../../../Engine/Content/VREditor/Sounds/UI/Floating_UI_Open-001.uasset" 360
"../../../Engine/Content/VREditor/Sounds/UI/Gizmo_Handle_Clicked.uasset" 361
"../../../Engine/Content/VREditor/Sounds/UI/Object_PickUp.uasset" 362
"../../../Engine/Content/VREditor/Sounds/UI/Object_Snaps_To_Another_Actor.uasset" 363
"../../../Engine/Content/VREditor/Sounds/UI/Object_Snaps_To_Grid.uasset" 364
"../../../Engine/Content/VREditor/Sounds/UI/Radial_Menu_FadeOut.uasset" 365
"../../../Engine/Content/VREditor/Sounds/UI/Scaling_Down.uasset" 366
"../../../Engine/Content/VREditor/Sounds/UI/Scaling_Up.uasset" 367
"../../../Engine/Content/VREditor/Sounds/UI/Selection_Changes.uasset" 368
"../../../Engine/Content/VREditor/Sounds/UI/Teleport_Mode_Entered.uasset" 369
"../../../Engine/Content/VREditor/Teleport/TeleportDirectionMaterial.uasset" 370
"../../../Engine/Content/VREditor/Teleport/TeleportDirectionMaterial_Inst.uasset" 371
"../../../Engine/Content/VREditor/Teleport/TeleportDirectionMesh.uasset" 372
"../../../Engine/Content/VREditor/TransformGizmo/BoundingBoxCorner.uasset" 373
"../../../Engine/Content/VREditor/TransformGizmo/BoundingBoxEdge.uasset" 374
"../../../Engine/Content/VREditor/TransformGizmo/PlaneTranslationHandle.uasset" 375
"../../../Engine/Content/VREditor/TransformGizmo/RotationHandleFull.uasset" 376
"../../../Engine/Content/VREditor/TransformGizmo/RotationHandleIndicator.uasset" 377
"../../../Engine/Content/VREditor/TransformGizmo/RotationHandleQuarter.uasset" 378
"../../../Engine/Content/VREditor/TransformGizmo/Main.uasset" 379
"../../../Engine/Content/VREditor/TransformGizmo/Xray.uasset" 380
"../../../Engine/Content/VREditor/TransformGizmo/SM_Dialog_Close.uasset" 381
"../../../Engine/Content/VREditor/TransformGizmo/SM_Dialog_Move.uasset" 382
"../../../Engine/Content/VREditor/TransformGizmo/SM_Sequencer_Key.uasset" 383
"../../../Engine/Content/VREditor/TransformGizmo/StartRotationHandleIndicator.uasset" 384
"../../../Engine/Content/VREditor/TransformGizmo/TranslucentTransformGizmoMaterial_Inst.uasset" 385
"../../../Engine/Content/VREditor/TransformGizmo/TransformGizmoFreeRotation.uasset" 386
"../../../Engine/Content/VREditor/TransformGizmo/TransformGizmoMaterial_Inst.uasset" 387
"../../../Engine/Content/VREditor/TransformGizmo/TranslateArrowHandle.uasset" 388
"../../../Engine/Content/VREditor/TransformGizmo/UniformScaleHandle.uasset" 389
"../../../Engine/Content/VREditor/UI/KeyDiskMaterial.uasset" 390
"../../../Engine/Content/VREditor/UI/DiscMaterial.uasset" 391
"../../../Engine/Content/VREditor/UI/SM_Radial_Disk.uasset" 392
"../../../Engine/Content/VREditor/WorldMovementGrid/SimpleGrid.uasset" 393
"../../../Engine/Content/VREditor/WorldMovementGrid/GridMaterial.uasset" 394
"../../../Engine/Content/Functions/Engine_MaterialFunctions01/Density/ExponentialDensity.uasset" 395
"../../../Engine/Content/VREditor/WorldMovementGrid/GridPostProcess.uasset" 396
"../../../Engine/Content/EditorLandscapeResources/FlattenHeightMat.uasset" 397
"../../../Engine/Content/VREditor/WorldMovementGrid/PlaneMesh.uasset" 398
"../../../Engine/Plugins/2D/Paper2D/Content/PlaceholderTextures/DummySpriteTexture.uasset" 399
"../../../Engine/Plugins/2D/Paper2D/Content/DummySprite.uasset" 400
"../../../Engine/Plugins/2D/Paper2D/Content/DefaultPaperTerrainMaterial.uasset" 401
"../../../Engine/Plugins/2D/Paper2D/Content/DefaultSpriteMaterial.uasset" 402
"../../../Engine/Plugins/2D/Paper2D/Content/MaskedUnlitSpriteMaterial.uasset" 403
"../../../Engine/Plugins/2D/Paper2D/Content/OpaqueUnlitSpriteMaterial.uasset" 404
"../../../Engine/Plugins/Runtime/Oculus/OculusVR/Content/Textures/GearVRController_AO.uasset" 405
"../../../Engine/Plugins/Runtime/Oculus/OculusVR/Content/Textures/GearVRController_Color.uasset" 406
"../../../Engine/Plugins/Runtime/Oculus/OculusVR/Content/Textures/GearVRController_Normal.uasset" 407
"../../../Engine/Plugins/Runtime/Oculus/OculusVR/Content/Materials/GearVRControllerMaterial.uasset" 408
"../../../Engine/Plugins/Runtime/Oculus/OculusVR/Content/Meshes/GearVrController.uasset" 409
"../../../WorkBased/Content/Enemy/EnemyTest_BP.uasset" 410
"../../../WorkBased/Content/ThirdPersonBP/Blueprints/ThirdPersonGameMode.uasset" 411
"../../../WorkBased/Content/CurvedShader/Curved_Materials/M_Curved_Mat.uasset" 412
"../../../WorkBased/Content/CurvedShader/Curved_Materials/C_Platform_Inst.uasset" 413
"../../../WorkBased/Content/CurvedShader/Curved_Wirframes/CW_Platform_Inst.uasset" 414
"../../../WorkBased/Content/MobileStarterContent/Shapes/Shape_Cube.uasset" 415
"../../../WorkBased/Content/RunnerFiles/Tiles/Blueprints/MasterTile.uasset" 416
"../../../Engine/Content/EngineSky/C_Sky_Cloud_Color.uasset" 417
"../../../Engine/Content/EngineSky/C_Sky_Horizon_Color.uasset" 418
"../../../Engine/Content/EngineSky/C_Sky_Zenith_Color.uasset" 419
"../../../Engine/Content/EngineSky/T_Sky_Blue.uasset" 420
"../../../Engine/Content/EngineSky/T_Sky_Clouds_M.uasset" 421
"../../../Engine/Content/EngineSky/T_Sky_Stars.uasset" 422
"../../../Engine/Content/EngineSky/M_Sky_Panning_Clouds2.uasset" 423
"../../../Engine/Content/EngineSky/SM_SkySphere.uasset" 424
"../../../Engine/Content/EngineSky/BP_Sky_Sphere.uasset" 425
"../../../WorkBased/Content/MobileStarterContent/Textures/T_Tech_Panel_M.uasset" 426
"../../../WorkBased/Content/MobileStarterContent/Textures/T_Tech_Panel_N.uasset" 427
"../../../WorkBased/Content/MobileStarterContent/Materials/M_Tech_Panel.uasset" 428
"../../../Engine/Content/BasicShapes/Cube.uasset" 429
"../../../WorkBased/Content/Assets/Obstacle_BP.uasset" 430
"../../../WorkBased/Content/MobileStarterContent/Textures/T_Metal_Gold_D.uasset" 431
"../../../WorkBased/Content/MobileStarterContent/Textures/T_Metal_Gold_N.uasset" 432
"../../../WorkBased/Content/MobileStarterContent/Materials/M_Metal_Gold.uasset" 433
"../../../WorkBased/Content/HUD/MusicNote.uasset" 434
"../../../WorkBased/Content/Music/SoundCues/FX_2.uasset" 435
"../../../WorkBased/Content/HUD/Notes.uasset" 436
"../../../WorkBased/Content/Portal/Portal_BP.uasset" 437
"../../../WorkBased/Content/Geometry/Meshes/1M_Cube.uasset" 438
"../../../WorkBased/Content/Music/SoundCues/FX_power_up.uasset" 439
"../../../WorkBased/Content/PowerUps/Boost_BP.uasset" 440
"../../../WorkBased/Content/CurvedShader/Curved_Materials/C_JumpBoost_Inst.uasset" 441
"../../../WorkBased/Content/CurvedShader/Curved_Wirframes/CW_JumpBoost_Inst.uasset" 442
"../../../WorkBased/Content/PowerUps/PU_Models/JumpPU.uasset" 443
"../../../WorkBased/Content/PowerUps/JumpPowerUp_BP.uasset" 444
"../../../WorkBased/Content/CurvedShader/Curved_Materials/C_Magnet_Inst.uasset" 445
"../../../WorkBased/Content/CurvedShader/Curved_Wirframes/CW_Magnet_Inst.uasset" 446
"../../../WorkBased/Content/PowerUps/PU_Models/MagnetPU.uasset" 447
"../../../WorkBased/Content/PowerUps/Magnet_BP.uasset" 448
"../../../WorkBased/Content/MobileStarterContent/Textures/T_MacroVariation.uasset" 449
"../../../WorkBased/Content/MobileStarterContent/Textures/T_Tech_Hex_Tile_M.uasset" 450
"../../../WorkBased/Content/MobileStarterContent/Textures/T_Tech_Hex_Tile_N.uasset" 451
"../../../WorkBased/Content/MobileStarterContent/Materials/M_Tech_Hex_Tile_Pulse.uasset" 452
"../../../WorkBased/Content/RunnerFiles/Obstacles/Blueprints/Kube.uasset" 453
"../../../WorkBased/Content/RunnerFiles/Tiles/FloorTile_Diff.uasset" 454
"../../../WorkBased/Content/RunnerFiles/Tiles/FloorTile_EM.uasset" 455
"../../../WorkBased/Content/RunnerFiles/Tiles/FloorTile_Nrm.uasset" 456
"../../../WorkBased/Content/RunnerFiles/Tiles/FloorTile_Diff_Mat.uasset" 457
"../../../WorkBased/Content/RunnerFiles/Obstacles/Blueprints/TimerDecrease.uasset" 458
"../../../WorkBased/Content/WireframeMaterial/blackMat.uasset" 459
"../../../WorkBased/Content/WireframeMaterial/blackMat_Mat.uasset" 460
"../../../WorkBased/Content/WireframeMaterial/M_Magnet.uasset" 461
"../../../WorkBased/Content/WireframeMaterial/WireframeBlock.uasset" 462
"../../../WorkBased/Content/Level/Level1/Level01_BuiltData.uasset" 463
"../../../Engine/Content/BasicShapes/BasicShapeMaterial.uasset" 464
"../../../Engine/Content/BasicShapes/Plane.uasset" 465
"../../../WorkBased/Content/Music/Foks_-_Game_Audio_2.uasset" 466
"../../../WorkBased/Content/Level/Level1/Level01.umap" 467
"../../../WorkBased/Content/CurvedShader/Curved_Materials/C_BlockA_Inst.uasset" 468
"../../../WorkBased/Content/CurvedShader/Curved_Materials/C_BlockB_Inst.uasset" 469
"../../../WorkBased/Content/CurvedShader/Curved_Materials/C_BlockC_Inst.uasset" 470
"../../../WorkBased/Content/Music/Foks_-_Game_Audio_3.uasset" 471
"../../../WorkBased/Content/Level/Level2/Level02.umap" 472
"../../../WorkBased/Content/Level/MainMenu/MainMenu_6766_.uasset" 473
"../../../WorkBased/Content/Music/Foks_-_Game_Audio_4.uasset" 474
"../../../WorkBased/Content/Music/SoundCues/FX_select.uasset" 475
"../../../WorkBased/Content/HUD/MainMenu/MainMenu_WBP.uasset" 476
"../../../WorkBased/Content/Level/MainMenu/MainMenu.umap" 477
"../../../WorkBased/Content/MobileStarterContent/Maps/Minimal_Default_BuiltData.uasset" 478
"../../../WorkBased/Content/MobileStarterContent/Materials/M_Basic_Floor.uasset" 479
"../../../WorkBased/Content/MobileStarterContent/Architecture/Floor_400x400.uasset" 480
"../../../WorkBased/Content/MobileStarterContent/Props/SM_Chair.uasset" 481
"../../../WorkBased/Content/MobileStarterContent/Textures/T_Statue_M.uasset" 482
"../../../WorkBased/Content/MobileStarterContent/Textures/T_Statue_N.uasset" 483
"../../../WorkBased/Content/MobileStarterContent/Props/Materials/M_Statue.uasset" 484
"../../../WorkBased/Content/MobileStarterContent/Props/Materials/M_StatueGlass.uasset" 485
"../../../WorkBased/Content/MobileStarterContent/Props/SM_Statue.uasset" 486
"../../../WorkBased/Content/MobileStarterContent/Textures/T_TableRound_M.uasset" 487
"../../../WorkBased/Content/MobileStarterContent/Textures/T_TableRound_N.uasset" 488
"../../../WorkBased/Content/MobileStarterContent/Props/Materials/M_TableRound.uasset" 489
"../../../WorkBased/Content/MobileStarterContent/Props/SM_TableRound.uasset" 490
"../../../WorkBased/Content/MobileStarterContent/Maps/Minimal_Default.umap" 491
"../../../WorkBased/Content/MobileStarterContent/Audio/Fire01.uasset" 492
"../../../WorkBased/Content/MobileStarterContent/Audio/Fire01_Cue.uasset" 493
"../../../WorkBased/Content/MobileStarterContent/Textures/T_Fire_SubUV.uasset" 494
"../../../WorkBased/Content/MobileStarterContent/Textures/T_Fire_Tiled_D.uasset" 495
"../../../WorkBased/Content/MobileStarterContent/Particles/Materials/M_Fire_SubUV.uasset" 496
"../../../WorkBased/Content/MobileStarterContent/Particles/Materials/M_Radial_Gradient.uasset" 497
"../../../WorkBased/Content/MobileStarterContent/Particles/P_Fire.uasset" 498
"../../../WorkBased/Content/MobileStarterContent/Blueprints/Blueprint_Effect_Fire.uasset" 499
"../../../WorkBased/Content/MobileStarterContent/Audio/Smoke01.uasset" 500
"../../../WorkBased/Content/MobileStarterContent/Audio/Smoke01_Cue.uasset" 501
"../../../WorkBased/Content/MobileStarterContent/Particles/P_Smoke.uasset" 502
"../../../WorkBased/Content/MobileStarterContent/Blueprints/Blueprint_Effect_Smoke.uasset" 503
"../../../WorkBased/Content/MobileStarterContent/Audio/Fire_Sparks01.uasset" 504
"../../../WorkBased/Content/MobileStarterContent/Audio/Fire_Sparks01_Cue.uasset" 505
"../../../WorkBased/Content/MobileStarterContent/Textures/T_Spark_Core.uasset" 506
"../../../WorkBased/Content/MobileStarterContent/Particles/Materials/M_Spark.uasset" 507
"../../../WorkBased/Content/MobileStarterContent/Particles/P_Sparks.uasset" 508
"../../../WorkBased/Content/MobileStarterContent/Blueprints/Blueprint_Effect_Sparks.uasset" 509
"../../../WorkBased/Content/MobileStarterContent/Textures/T_Lamp_M.uasset" 510
"../../../WorkBased/Content/MobileStarterContent/Textures/T_Lamp_N.uasset" 511
"../../../WorkBased/Content/MobileStarterContent/Props/Materials/M_Lamp.uasset" 512
"../../../WorkBased/Content/MobileStarterContent/Props/SM_Lamp_Ceiling.uasset" 513
"../../../WorkBased/Content/MobileStarterContent/Blueprints/Blueprint_CeilingLight.uasset" 514
"../../../WorkBased/Content/MobileStarterContent/Props/SM_Lamp_Wall.uasset" 515
"../../../WorkBased/Content/MobileStarterContent/Blueprints/Blueprint_WallSconce.uasset" 516
"../../../WorkBased/Content/MobileStarterContent/Maps/StarterMap_BuiltData.uasset" 517
"../../../WorkBased/Content/MobileStarterContent/Textures/T_Brick_Clay_Beveled_D.uasset" 518
"../../../WorkBased/Content/MobileStarterContent/Textures/T_Brick_Clay_Beveled_M.uasset" 519
"../../../WorkBased/Content/MobileStarterContent/Textures/T_Brick_Clay_Beveled_N.uasset" 520
"../../../WorkBased/Content/MobileStarterContent/Materials/M_Brick_Clay_Beveled.uasset" 521
"../../../WorkBased/Content/MobileStarterContent/Textures/T_Brick_Clay_New_D.uasset" 522
"../../../WorkBased/Content/MobileStarterContent/Textures/T_Brick_Clay_New_M.uasset" 523
"../../../WorkBased/Content/MobileStarterContent/Textures/T_Brick_Clay_New_N.uasset" 524
"../../../WorkBased/Content/MobileStarterContent/Materials/M_Brick_Clay_New.uasset" 525
"../../../WorkBased/Content/MobileStarterContent/Textures/T_Brick_Clay_Old_D.uasset" 526
"../../../WorkBased/Content/MobileStarterContent/Textures/T_Brick_Clay_Old_N.uasset" 527
"../../../WorkBased/Content/MobileStarterContent/Materials/M_Brick_Clay_Old.uasset" 528
"../../../WorkBased/Content/MobileStarterContent/Textures/T_Brick_Cut_Stone_D.uasset" 529
"../../../WorkBased/Content/MobileStarterContent/Textures/T_Brick_Cut_Stone_N.uasset" 530
"../../../WorkBased/Content/MobileStarterContent/Materials/M_Brick_Cut_Stone.uasset" 531
"../../../WorkBased/Content/MobileStarterContent/Textures/T_Brick_Hewn_Stone_D.uasset" 532
"../../../WorkBased/Content/MobileStarterContent/Textures/T_Brick_Hewn_Stone_M.uasset" 533
"../../../WorkBased/Content/MobileStarterContent/Textures/T_Brick_Hewn_Stone_N.uasset" 534
"../../../WorkBased/Content/MobileStarterContent/Materials/M_Brick_Hewn_Stone.uasset" 535
"../../../WorkBased/Content/MobileStarterContent/Textures/T_Ceramic_Tile_M.uasset" 536
"../../../WorkBased/Content/MobileStarterContent/Textures/T_Ceramic_Tile_N.uasset" 537
"../../../WorkBased/Content/MobileStarterContent/Textures/T_Rock_Marble_Polished_D.uasset" 538
"../../../WorkBased/Content/MobileStarterContent/Materials/M_Ceramic_Tile_Checker.uasset" 539
"../../../WorkBased/Content/MobileStarterContent/Textures/T_CobbleStone_Pebble_D.uasset" 540
"../../../WorkBased/Content/MobileStarterContent/Textures/T_CobbleStone_Pebble_N.uasset" 541
"../../../WorkBased/Content/MobileStarterContent/Materials/M_CobbleStone_Pebble.uasset" 542
"../../../WorkBased/Content/MobileStarterContent/Textures/T_CobbleStone_Rough_D.uasset" 543
"../../../WorkBased/Content/MobileStarterContent/Textures/T_CobbleStone_Rough_N.uasset" 544
"../../../WorkBased/Content/MobileStarterContent/Materials/M_CobbleStone_Rough.uasset" 545
"../../../WorkBased/Content/MobileStarterContent/Textures/T_CobbleStone_Smooth_D.uasset" 546
"../../../WorkBased/Content/MobileStarterContent/Textures/T_CobbleStone_Smooth_M.uasset" 547
"../../../WorkBased/Content/MobileStarterContent/Textures/T_CobbleStone_Smooth_N.uasset" 548
"../../../WorkBased/Content/MobileStarterContent/Materials/M_CobbleStone_Smooth.uasset" 549
"../../../WorkBased/Content/MobileStarterContent/Textures/T_Concrete_Grime_D.uasset" 550
"../../../WorkBased/Content/MobileStarterContent/Textures/T_Metal_Rust_N.uasset" 551
"../../../WorkBased/Content/MobileStarterContent/Materials/M_Concrete_Grime.uasset" 552
"../../../WorkBased/Content/MobileStarterContent/Textures/T_Concrete_Panels_D.uasset" 553
"../../../WorkBased/Content/MobileStarterContent/Textures/T_Concrete_Panels_N.uasset" 554
"../../../WorkBased/Content/MobileStarterContent/Materials/M_Concrete_Panels.uasset" 555
"../../../WorkBased/Content/MobileStarterContent/Textures/T_Concrete_Poured_D.uasset" 556
"../../../WorkBased/Content/MobileStarterContent/Textures/T_Concrete_Poured_N.uasset" 557
"../../../WorkBased/Content/MobileStarterContent/Materials/M_Concrete_Poured.uasset" 558
"../../../WorkBased/Content/MobileStarterContent/Textures/T_Concrete_Tiles_D.uasset" 559
"../../../WorkBased/Content/MobileStarterContent/Textures/T_Concrete_Tiles_M.uasset" 560
"../../../WorkBased/Content/MobileStarterContent/Textures/T_Concrete_Tiles_N.uasset" 561
"../../../WorkBased/Content/MobileStarterContent/Materials/M_Concrete_Tiles.uasset" 562
"../../../WorkBased/Content/MobileStarterContent/Textures/T_Ground_Grass_D.uasset" 563
"../../../WorkBased/Content/MobileStarterContent/Textures/T_Ground_Grass_N.uasset" 564
"../../../WorkBased/Content/MobileStarterContent/Materials/M_Ground_Grass.uasset" 565
"../../../WorkBased/Content/MobileStarterContent/Textures/T_Ground_Gravel_D.uasset" 566
"../../../WorkBased/Content/MobileStarterContent/Textures/T_Ground_Gravel_N.uasset" 567
"../../../WorkBased/Content/MobileStarterContent/Materials/M_Ground_Gravel.uasset" 568
"../../../WorkBased/Content/MobileStarterContent/Textures/T_ground_Moss_D.uasset" 569
"../../../WorkBased/Content/MobileStarterContent/Textures/T_Ground_Moss_N.uasset" 570
"../../../WorkBased/Content/MobileStarterContent/Materials/M_Ground_Moss.uasset" 571
"../../../WorkBased/Content/MobileStarterContent/Materials/M_Metal_Brushed_Nickel.uasset" 572
"../../../WorkBased/Content/MobileStarterContent/Textures/T_Metal_Aluminum_D.uasset" 573
"../../../WorkBased/Content/MobileStarterContent/Materials/M_Metal_Burnished_Steel.uasset" 574
"../../../WorkBased/Content/MobileStarterContent/Materials/M_Metal_Chrome.uasset" 575
"../../../WorkBased/Content/MobileStarterContent/Textures/T_Metal_Copper_D.uasset" 576
"../../../WorkBased/Content/MobileStarterContent/Materials/M_Metal_Copper.uasset" 577
"../../../WorkBased/Content/MobileStarterContent/Textures/T_Metal_Rust_D.uasset" 578
"../../../WorkBased/Content/MobileStarterContent/Materials/M_Metal_Rust.uasset" 579
"../../../WorkBased/Content/MobileStarterContent/Textures/T_Metal_Steel_D.uasset" 580
"../../../WorkBased/Content/MobileStarterContent/Textures/T_Metal_Steel_N.uasset" 581
"../../../WorkBased/Content/MobileStarterContent/Materials/M_Metal_Steel.uasset" 582
"../../../WorkBased/Content/MobileStarterContent/Textures/T_Rock_Basalt_N.uasset" 583
"../../../WorkBased/Content/MobileStarterContent/Materials/M_Rock_Basalt.uasset" 584
"../../../WorkBased/Content/MobileStarterContent/Materials/M_Rock_Marble_Polished.uasset" 585
"../../../WorkBased/Content/MobileStarterContent/Textures/T_Rock_Sandstone_D.uasset" 586
"../../../WorkBased/Content/MobileStarterContent/Textures/T_Rock_Sandstone_N.uasset" 587
"../../../WorkBased/Content/MobileStarterContent/Materials/M_Rock_Sandstone.uasset" 588
"../../../WorkBased/Content/MobileStarterContent/Textures/T_Rock_Slate_D.uasset" 589
"../../../WorkBased/Content/MobileStarterContent/Textures/T_Rock_Slate_N.uasset" 590
"../../../WorkBased/Content/MobileStarterContent/Materials/M_Rock_Slate.uasset" 591
"../../../WorkBased/Content/MobileStarterContent/Textures/T_Checker_Noise_M.uasset" 592
"../../../WorkBased/Content/MobileStarterContent/Textures/T_Single_Tile_N.uasset" 593
"../../../WorkBased/Content/MobileStarterContent/Textures/T_Tech_Dot_M.uasset" 594
"../../../WorkBased/Content/MobileStarterContent/Textures/T_Tech_Dot_N.uasset" 595
"../../../WorkBased/Content/MobileStarterContent/Materials/M_Tech_Checker_Dot.uasset" 596
"../../../WorkBased/Content/MobileStarterContent/Materials/M_Tech_Hex_Tile.uasset" 597
"../../../WorkBased/Content/MobileStarterContent/Textures/T_Water_N.uasset" 598
"../../../WorkBased/Content/MobileStarterContent/Materials/M_Water_Lake.uasset" 599
"../../../WorkBased/Content/MobileStarterContent/Textures/T_Water_M.uasset" 600
"../../../WorkBased/Content/MobileStarterContent/Materials/M_Water_Ocean.uasset" 601
"../../../WorkBased/Content/MobileStarterContent/Textures/T_Wood_Floor_Walnut_D.uasset" 602
"../../../WorkBased/Content/MobileStarterContent/Textures/T_Wood_Floor_Walnut_M.uasset" 603
"../../../WorkBased/Content/MobileStarterContent/Textures/T_Wood_Floor_Walnut_N.uasset" 604
"../../../WorkBased/Content/MobileStarterContent/Materials/M_Wood_Floor_Walnut_Polished.uasset" 605
"../../../WorkBased/Content/MobileStarterContent/Materials/M_Wood_Floor_Walnut_Worn.uasset" 606
"../../../WorkBased/Content/MobileStarterContent/Textures/T_Wood_Oak_D.uasset" 607
"../../../WorkBased/Content/MobileStarterContent/Textures/T_Wood_Oak_N.uasset" 608
"../../../WorkBased/Content/MobileStarterContent/Materials/M_Wood_Oak.uasset" 609
"../../../WorkBased/Content/MobileStarterContent/Textures/T_Wood_Pine_D.uasset" 610
"../../../WorkBased/Content/MobileStarterContent/Textures/T_Wood_Pine_N.uasset" 611
"../../../WorkBased/Content/MobileStarterContent/Materials/M_Wood_Pine.uasset" 612
"../../../WorkBased/Content/MobileStarterContent/Textures/T_Wood_Walnut_D.uasset" 613
"../../../WorkBased/Content/MobileStarterContent/Textures/T_Wood_Walnut_N.uasset" 614
"../../../WorkBased/Content/MobileStarterContent/Materials/M_Wood_Walnut.uasset" 615
"../../../WorkBased/Content/MobileStarterContent/Architecture/Wall_400x200.uasset" 616
"../../../WorkBased/Content/MobileStarterContent/Architecture/Wall_Door_400x300.uasset" 617
"../../../WorkBased/Content/MobileStarterContent/Architecture/Wall_Window_400x300.uasset" 618
"../../../WorkBased/Content/MobileStarterContent/Audio/Collapse01.uasset" 619
"../../../WorkBased/Content/MobileStarterContent/Audio/Collapse02.uasset" 620
"../../../WorkBased/Content/MobileStarterContent/Audio/Collapse_Cue.uasset" 621
"../../../WorkBased/Content/MobileStarterContent/Audio/Starter_Birds01.uasset" 622
"../../../WorkBased/Content/MobileStarterContent/Audio/Starter_Wind05.uasset" 623
"../../../WorkBased/Content/MobileStarterContent/Audio/Starter_Wind06.uasset" 624
"../../../WorkBased/Content/MobileStarterContent/Audio/Starter_Background_Cue.uasset" 625
"../../../WorkBased/Content/MobileStarterContent/Audio/Starter_Music01.uasset" 626
"../../../WorkBased/Content/MobileStarterContent/Audio/Starter_Music_Cue.uasset" 627
"../../../WorkBased/Content/MobileStarterContent/Textures/T_Dust_Particle_D.uasset" 628
"../../../WorkBased/Content/MobileStarterContent/Particles/Materials/M_Dust_Particle.uasset" 629
"../../../WorkBased/Content/MobileStarterContent/Particles/P_Ambient_Dust.uasset" 630
"../../../WorkBased/Content/MobileStarterContent/Props/MaterialSphere.uasset" 631
"../../../WorkBased/Content/MobileStarterContent/Textures/T_Frame_M.uasset" 632
"../../../WorkBased/Content/MobileStarterContent/Textures/T_Frame_N.uasset" 633
"../../../WorkBased/Content/MobileStarterContent/Props/Materials/M_Frame.uasset" 634
"../../../WorkBased/Content/MobileStarterContent/Props/SM_CornerFrame.uasset" 635
"../../../WorkBased/Content/MobileStarterContent/Props/SM_DoorFrame.uasset" 636
"../../../WorkBased/Content/MobileStarterContent/Props/SM_GlassWindow.uasset" 637
"../../../WorkBased/Content/MobileStarterContent/Props/SM_PillarFrame.uasset" 638
"../../../WorkBased/Content/MobileStarterContent/Props/SM_PillarFrame300.uasset" 639
"../../../WorkBased/Content/MobileStarterContent/Props/SM_WindowFrame.uasset" 640
"../../../WorkBased/Content/MobileStarterContent/Shapes/Shape_QuadPyramid.uasset" 641
"../../../WorkBased/Content/MobileStarterContent/Shapes/Shape_Sphere.uasset" 642
"../../../WorkBased/Content/MobileStarterContent/Maps/StarterMap.umap" 643
"../../../WorkBased/Content/Procedural/Procedural1.umap" 644
"../../../WorkBased/Content/Procedural/Procedural2.umap" 645
"../../../WorkBased/Content/Procedural/Procedural3.umap" 646
"../../../WorkBased/Content/Procedural/Procedural4.umap" 647
"../../../WorkBased/Content/Procedural/Procedural_L.umap" 648
"../../../WorkBased/Content/ThirdPersonBP/Maps/ThirdPersonExampleMap_BuiltData.uasset" 649
"../../../WorkBased/Content/Geometry/Meshes/TemplateFloor.uasset" 650
"../../../WorkBased/Content/PowerUps/PU_Models/ShieldPU_Shield.uasset" 651
"../../../WorkBased/Content/ThirdPersonBP/Maps/ThirdPersonExampleMap.umap" 652
"../../../Engine/Content/Maps/Entry.umap" 653
